<?xml version="1.0" encoding="UTF-8"?>
<!-- Generated by org.testng.reporters.JUnitReportReporter -->
<testsuite hostname="DESKTOP-G20A19H" failures="0" tests="4" name="api.test.UserTests" time="11.996" errors="0" timestamp="2023-05-19T08:16:56 IST" skipped="0">
  <testcase classname="api.test.UserTests" name="testPostUser" time="9.831"/>
  <system-out/>
  <testcase classname="api.test.UserTests" name="testGetUser" time="0.337"/>
  <system-out/>
  <testcase classname="api.test.UserTests" name="testUpdateUser" time="1.329"/>
  <system-out/>
  <testcase classname="api.test.UserTests" name="testDeleteeUser" time="0.499"/>
  <system-out/>
</testsuite> <!-- api.test.UserTests -->
