<?xml version="1.0" encoding="UTF-8"?>
<!-- Generated by org.testng.reporters.JUnitReportReporter -->
<testsuite hostname="DESKTOP-G20A19H" failures="0" tests="3" name="api.test.DataDrivenTests" time="6.407" errors="0" timestamp="2023-05-18T01:55:04 IST" skipped="0">
  <testcase classname="api.test.DataDrivenTests" name="testPostUser" time="4.656"/>
  <system-out/>
  <testcase classname="api.test.DataDrivenTests" name="testUpdateUser" time="1.141"/>
  <system-out/>
  <testcase classname="api.test.DataDrivenTests" name="testDeleteUser" time="0.610"/>
  <system-out/>
</testsuite> <!-- api.test.DataDrivenTests -->
